2025-09-01 16:02:56,113 - INFO - 🚀 고급 시뮬레이터 초기화 중...
2025-09-01 16:02:56,113 - INFO - 📋 환자 정보:
2025-09-01 16:02:56,113 - INFO -    - 나이: 65세, 체중: 75kg
2025-09-01 16:02:56,113 - INFO -    - 신기능: 80 mL/min
2025-09-01 16:02:56,113 - INFO -    - 감염 중증도: 0.7/1.0
2025-09-01 16:02:56,113 - INFO - 
🤖 AI 최적화 결과:
2025-09-01 16:02:56,113 - INFO -    - 권장 용량: 1012.5 mg
2025-09-01 16:02:56,113 - INFO -    - 투약 간격: 12시간
2025-09-01 16:02:56,113 - INFO -    - 예상 성공률: 75.0%
2025-09-01 16:02:56,113 - INFO -    - 신뢰도: 60.0%
2025-09-01 16:02:56,114 - INFO - 
📊 시뮬레이션 결과:
2025-09-01 16:02:56,114 - INFO -    - 최종 총 세균수: 1.50e-16 CFU/mL
2025-09-01 16:02:56,114 - INFO -    - 내성 비율: 100.0%
2025-09-01 16:02:56,114 - INFO -    - 치료 성공: ❌ 실패
2025-09-01 16:02:56,114 - INFO - 
✅ 고급 시뮬레이션 완료!
2025-09-01 16:02:56,114 - INFO -    📋 상세 보고서: results/full_simulator_demo.json
2025-09-01 16:02:56,114 - INFO -    📝 실행 로그: results/simulation.log
2025-09-01 18:06:38,868 - INFO - 🚀 고급 시뮬레이터 초기화 중...
2025-09-01 18:06:38,868 - INFO - 📋 환자 정보:
2025-09-01 18:06:38,868 - INFO -    - 나이: 65세, 체중: 75kg
2025-09-01 18:06:38,868 - INFO -    - 신기능: 80 mL/min
2025-09-01 18:06:38,868 - INFO -    - 감염 중증도: 0.7/1.0
2025-09-01 18:06:38,868 - INFO - 
🤖 AI 최적화 결과:
2025-09-01 18:06:38,868 - INFO -    - 권장 용량: 1012.5 mg
2025-09-01 18:06:38,868 - INFO -    - 투약 간격: 12시간
2025-09-01 18:06:38,868 - INFO -    - 예상 성공률: 75.0%
2025-09-01 18:06:38,868 - INFO -    - 신뢰도: 60.0%
2025-09-01 18:06:38,869 - INFO - 
📊 시뮬레이션 결과:
2025-09-01 18:06:38,869 - INFO -    - 최종 총 세균수: 1.50e-16 CFU/mL
2025-09-01 18:06:38,869 - INFO -    - 내성 비율: 100.0%
2025-09-01 18:06:38,869 - INFO -    - 치료 성공: ❌ 실패
2025-09-01 18:06:38,869 - INFO - 
✅ 고급 시뮬레이션 완료!
2025-09-01 18:06:38,869 - INFO -    📋 상세 보고서: results/full_simulator_demo.json
2025-09-01 18:06:38,870 - INFO -    📝 실행 로그: results/simulation.log
2025-09-01 18:32:32,568 - INFO - 🚀 고급 시뮬레이터 초기화 중...
2025-09-01 18:32:32,568 - INFO - 📋 환자 정보:
2025-09-01 18:32:32,568 - INFO -    - 나이: 65세, 체중: 75kg
2025-09-01 18:32:32,568 - INFO -    - 신기능: 80 mL/min
2025-09-01 18:32:32,568 - INFO -    - 감염 중증도: 0.7/1.0
2025-09-01 18:32:32,568 - INFO - 
🤖 AI 최적화 결과:
2025-09-01 18:32:32,568 - INFO -    - 권장 용량: 1012.5 mg
2025-09-01 18:32:32,568 - INFO -    - 투약 간격: 12시간
2025-09-01 18:32:32,568 - INFO -    - 예상 성공률: 75.0%
2025-09-01 18:32:32,568 - INFO -    - 신뢰도: 60.0%
2025-09-01 18:32:32,569 - INFO - 
📊 시뮬레이션 결과:
2025-09-01 18:32:32,569 - INFO -    - 최종 총 세균수: 1.50e-16 CFU/mL
2025-09-01 18:32:32,569 - INFO -    - 내성 비율: 100.0%
2025-09-01 18:32:32,569 - INFO -    - 치료 성공: ❌ 실패
2025-09-01 18:32:32,569 - INFO - 
✅ 고급 시뮬레이션 완료!
2025-09-01 18:32:32,569 - INFO -    📋 상세 보고서: results/full_simulator_demo.json
2025-09-01 18:32:32,569 - INFO -    📝 실행 로그: results/simulation.log
2025-09-01 18:35:04,493 - INFO - 🚀 고급 시뮬레이터 초기화 중...
2025-09-01 18:35:04,493 - INFO - 📋 환자 정보:
2025-09-01 18:35:04,493 - INFO -    - 나이: 65세, 체중: 75kg
2025-09-01 18:35:04,493 - INFO -    - 신기능: 80 mL/min
2025-09-01 18:35:04,493 - INFO -    - 감염 중증도: 0.7/1.0
2025-09-01 18:35:04,493 - INFO - 
🤖 AI 최적화 결과:
2025-09-01 18:35:04,493 - INFO -    - 권장 용량: 1012.5 mg
2025-09-01 18:35:04,493 - INFO -    - 투약 간격: 12시간
2025-09-01 18:35:04,493 - INFO -    - 예상 성공률: 75.0%
2025-09-01 18:35:04,493 - INFO -    - 신뢰도: 60.0%
2025-09-01 18:35:04,494 - INFO - 
📊 시뮬레이션 결과:
2025-09-01 18:35:04,494 - INFO -    - 최종 총 세균수: 1.50e-16 CFU/mL
2025-09-01 18:35:04,494 - INFO -    - 내성 비율: 100.0%
2025-09-01 18:35:04,494 - INFO -    - 치료 성공: ❌ 실패
2025-09-01 18:35:04,494 - INFO - 
✅ 고급 시뮬레이션 완료!
2025-09-01 18:35:04,494 - INFO -    📋 상세 보고서: results/full_simulator_demo.json
2025-09-01 18:35:04,494 - INFO -    📝 실행 로그: results/simulation.log
2025-09-01 19:10:29,644 - INFO - 🚀 고급 시뮬레이터 초기화 중...
2025-09-01 19:10:29,644 - INFO - 📋 환자 정보:
2025-09-01 19:10:29,644 - INFO -    - 나이: 65세, 체중: 75kg
2025-09-01 19:10:29,644 - INFO -    - 신기능: 80 mL/min
2025-09-01 19:10:29,644 - INFO -    - 감염 중증도: 0.7/1.0
2025-09-01 19:10:29,644 - INFO - 
🤖 AI 최적화 결과:
2025-09-01 19:10:29,644 - INFO -    - 권장 용량: 1012.5 mg
2025-09-01 19:10:29,644 - INFO -    - 투약 간격: 12시간
2025-09-01 19:10:29,645 - INFO -    - 예상 성공률: 75.0%
2025-09-01 19:10:29,645 - INFO -    - 신뢰도: 60.0%
2025-09-01 19:10:29,645 - INFO - 
📊 시뮬레이션 결과:
2025-09-01 19:10:29,645 - INFO -    - 최종 총 세균수: 1.50e-16 CFU/mL
2025-09-01 19:10:29,645 - INFO -    - 내성 비율: 100.0%
2025-09-01 19:10:29,645 - INFO -    - 치료 성공: ❌ 실패
2025-09-01 19:10:29,645 - INFO - 
✅ 고급 시뮬레이션 완료!
2025-09-01 19:10:29,645 - INFO -    📋 상세 보고서: results/full_simulator_demo.json
2025-09-01 19:10:29,645 - INFO -    📝 실행 로그: results/simulation.log
